<?xml version="1.0" encoding="UTF-8"?>
<!-- Generated by org.testng.reporters.JUnitReportReporter -->
<testsuite skipped="0" hostname="RSDHS-ACER" name="com.TestCases.FacebookRegTestCase" tests="1" failures="0" timestamp="28 Jun 2020 13:14:42 GMT" time="145.327" errors="0">
  <testcase name="registration" time="145.327" classname="com.TestCases.FacebookRegTestCase"/>
</testsuite> <!-- com.TestCases.FacebookRegTestCase -->
